[WARN] 2024-12-27 13:15:32 :: Install path not specified, showing help...
[WARN] 2024-12-27 13:19:25 :: Install path not specified, showing help...
[WARN] 2024-12-27 13:20:13 :: Install path not specified, showing help...
[WARN] 2024-12-27 13:27:53 :: Install path not specified, showing help...
[WARN] 2024-12-27 13:31:35 :: Requirements path not specified va -rp or --requirements-path, showing help...
[INFO] 2024-12-27 13:47:08 :: Creating virtualenv at location '/home/nobody/.venv'
[INFO] 2024-12-27 13:47:12 :: Activating virtualenv at location '/home/nobody/.venv/bin/activate'
[WARN] 2024-12-27 13:47:15 :: Path to requirements.txt '/requirements.txt' does not exist, showing help...
[INFO] 2024-12-27 13:50:01 :: Skipping creation of virtualenv for location '/home/nobody/.venv' as it already exists
[INFO] 2024-12-27 13:50:01 :: Activating virtualenv at location '/home/nobody/.venv/bin/activate'
[WARN] 2024-12-27 13:50:02 :: Path to requirements.txt '/requirements.txt' does not exist, showing help...
[INFO] 2024-12-27 13:50:14 :: Skipping creation of virtualenv for location '/home/nobody/.venv' as it already exists
[INFO] 2024-12-27 13:50:14 :: Activating virtualenv at location '/home/nobody/.venv/bin/activate'
[WARN] 2024-12-27 13:50:15 :: Path to requirements.txt '/requirements.txt' does not exist, showing help...
[INFO] 2024-12-27 13:57:17 :: Skipping creation of virtualenv for location '/home/nobody/.venv' as it already exists
[INFO] 2024-12-27 13:57:17 :: Activating virtualenv at location '/home/nobody/.venv/bin/activate'
[WARN] 2024-12-27 13:57:17 :: Requirements path not specified va -rp or --requirements-path, skipping...
[WARN] 2024-12-27 13:57:17 :: No pip packages specified via --pp or --pip-packages, skipping...
[INFO] 2024-12-27 13:58:33 :: Skipping creation of virtualenv for location '/home/nobody/.venv' as it already exists
[INFO] 2024-12-27 13:58:33 :: Activating virtualenv at location '/home/nobody/.venv/bin/activate'
[INFO] 2024-12-27 13:58:33 :: Requirements path not specified va -rp or --requirements-path, skipping...
[INFO] 2024-12-27 13:58:33 :: No pip packages specified via --pp or --pip-packages, skipping...
[INFO] 2024-12-27 13:59:00 :: Skipping creation of virtualenv for location '/home/nobody/.venv' as it already exists
[INFO] 2024-12-27 13:59:00 :: Activating virtualenv at location '/home/nobody/.venv/bin/activate'
[INFO] 2024-12-27 13:59:00 :: Requirements path not specified va -rp or --requirements-path, skipping...
[INFO] 2024-12-27 13:59:00 :: No pip packages specified via --pp or --pip-packages, skipping...
[INFO] 2024-12-27 14:01:01 :: Skipping creation of virtualenv for location '/home/nobody/.venv/bin/activate' as it already exists
[INFO] 2024-12-27 14:01:01 :: Activating virtualenv at location '/home/nobody/.venv/bin/activate'
[INFO] 2024-12-27 14:01:01 :: Requirements path not specified va -rp or --requirements-path, skipping...
[INFO] 2024-12-27 14:01:01 :: No pip packages specified via --pp or --pip-packages, skipping...
[INFO] 2024-12-27 14:01:49 :: Skipping creation of virtualenv for location '/home/nobody/.venv/bin/activate' as it already exists
[INFO] 2024-12-27 14:01:49 :: Activating virtualenv at location '/home/nobody/.venv/bin/activate'
[INFO] 2024-12-27 14:01:49 :: Requirements path not specified va -rp or --requirements-path, skipping...
[INFO] 2024-12-27 14:01:49 :: No pip packages specified via --pp or --pip-packages, skipping...
[INFO] 2024-12-27 14:06:24 :: Requirements path not specified via -rp or --requirements-path, skipping...
[INFO] 2024-12-27 14:06:24 :: No pip packages specified via --pp or --pip-packages, skipping...
[INFO] 2024-12-27 14:07:25 :: Requirements path not specified via -rp or --requirements-path, skipping...
[INFO] 2024-12-27 14:07:25 :: No pip packages specified via --pp or --pip-packages, skipping...
[INFO] 2024-12-27 14:08:49 :: Requirements path not specified via -rp or --requirements-path, skipping...
[INFO] 2024-12-27 14:08:49 :: No pip packages specified via --pp or --pip-packages, skipping...
[INFO] 2024-12-27 14:09:24 :: Create Virtualenv set to 'no', skipping...
[INFO] 2024-12-27 14:09:24 :: Requirements path not specified via -rp or --requirements-path, skipping...
[INFO] 2024-12-27 14:09:24 :: No pip packages specified via --pp or --pip-packages, skipping...
[INFO] 2024-12-27 14:11:10 :: Create PyEnv set to 'no', skipping...
[INFO] 2024-12-27 14:11:10 :: -cve or --create-virtualenv set to 'no', skipping...
[INFO] 2024-12-27 14:11:10 :: -rp or --requirements-path not defined, skipping...
[INFO] 2024-12-27 14:11:10 :: --pp or --pip-packages not defined, skipping...
[INFO] 2024-12-27 14:11:53 :: -cpe or --create-pyenv set to 'no', skipping...
[INFO] 2024-12-27 14:11:53 :: -cve or --create-virtualenv set to 'no', skipping...
[INFO] 2024-12-27 14:11:53 :: -rp or --requirements-path not defined, skipping...
[INFO] 2024-12-27 14:11:53 :: --pp or --pip-packages not defined, skipping...
[INFO] 2024-12-27 14:12:15 :: -cpe or --create-pyenv set to 'no', skipping...
[INFO] 2024-12-27 14:12:15 :: -cve or --create-virtualenv set to 'no', skipping...
[INFO] 2024-12-27 14:12:15 :: -rp or --requirements-path not defined, skipping...
[INFO] 2024-12-27 14:12:15 :: --pp or --pip-packages not defined, skipping...
[INFO] 2024-12-27 14:12:34 :: -cpe or --create-pyenv set to 'no', skipping...
[INFO] 2024-12-27 14:12:34 :: Skipping creation of virtualenv for location '/home/nobody/.venv/bin/activate' as it already exists
[INFO] 2024-12-27 14:12:34 :: Activating virtualenv at location '/home/nobody/.venv/bin/activate'
[INFO] 2024-12-27 14:12:34 :: -rp or --requirements-path not defined, skipping...
[INFO] 2024-12-27 14:12:34 :: --pp or --pip-packages not defined, skipping...
[INFO] 2024-12-27 14:12:57 :: -cpe or --create-pyenv set to 'no', skipping...
[INFO] 2024-12-27 14:12:57 :: Skipping creation of virtualenv for location '/home/nobody/.venv/bin/activate' as it already exists
[INFO] 2024-12-27 14:12:57 :: Activating virtualenv at location '/home/nobody/.venv/bin/activate'
[INFO] 2024-12-27 14:12:57 :: -rp or --requirements-path not defined, skipping...
[INFO] 2024-12-27 14:12:58 :: Installing Python package(s) 'websockify'
[INFO] 2024-12-27 14:16:54 :: Skipping creation of virtualenv for location '/home/nobody/.venv/bin/activate' as it already exists
[INFO] 2024-12-27 14:16:54 :: Activating virtualenv at location '/home/nobody/.venv/bin/activate'
[INFO] 2024-12-27 14:16:54 :: -rp or --requirements-path not defined, skipping...
[INFO] 2024-12-27 14:16:55 :: Installing Python package(s) 'websockify'
[INFO] 2024-12-27 14:19:48 :: -cpe or --create-pyenv set to 'no', skipping...
[INFO] 2024-12-27 14:19:48 :: -cve or --create-virtualenv set to 'no', skipping...
[INFO] 2024-12-27 14:19:48 :: -rp or --requirements-path not defined, skipping...
[INFO] 2024-12-27 14:19:48 :: --pp or --pip-packages not defined, skipping...
[INFO] 2024-12-27 14:20:22 :: -cpe or --create-pyenv set to 'no', skipping...
[INFO] 2024-12-27 14:20:22 :: -cve or --create-virtualenv set to 'no', skipping...
[INFO] 2024-12-27 14:20:22 :: -rp or --requirements-path not defined, skipping...
[INFO] 2024-12-27 14:20:22 :: --pp or --pip-packages not defined, skipping...
[INFO] 2024-12-27 14:34:27 :: Creating virtualenv at location '/opt/sickchill/env'...
[INFO] 2024-12-27 14:34:34 :: Activating virtualenv at location '/opt/sickchill/env/bin/activate'
[INFO] 2024-12-27 14:34:34 :: -rp or --requirements-path not defined, skipping...
[INFO] 2024-12-27 14:34:37 :: Installing Python package(s) 'sickchill'
[INFO] 2024-12-27 14:40:12 :: Creating virtualenv at location '/opt/sickchill/env'...
[INFO] 2024-12-27 14:40:20 :: Activating virtualenv at location '/opt/sickchill/env/bin/activate'
[INFO] 2024-12-27 14:40:20 :: -rp or --requirements-path not defined, skipping...
[INFO] 2024-12-27 14:40:22 :: Installing Python package(s) 'sickchill'
